<?xml version="1.0" encoding="UTF-8"?>
<testsuite name="com.mvit.AppTest" tests="1" skipped="0" failures="0" errors="0" timestamp="2025-06-08T18:53:11.190Z" hostname="MANNY" time="0.001">
  <properties/>
  <testcase name="testApp" classname="com.mvit.AppTest" time="0.001"/>
  <system-out><![CDATA[]]></system-out>
  <system-err><![CDATA[]]></system-err>
</testsuite>
